
ROM used:   914/8192 (11%)
            914/8192 (11%) including unused fragments

            0.8 Average locations per line
            3.8 Average locations per statement

RAM used:   31/368 (8%) at main() level
            42/368 (11%) worst case

Stack used: 7 worst case (3 in main + 4 for interrupts)
Stack size: 8

Lines Stmts  %   Files
----- ----- ---  -----
  277   239 100  main.c
  809     0   0  ..\..\..\..\..\..\Program Files (x86)\PICC\Devices\16F887.h
----- -----
 1086   239 Total

Page ROM  %  RAM    Vol Diff  Functions:
---- --- --- ---    --- ----  ----------
0     20   2    1             @delay_ms1
0     15   2    1             @delay_us1
0      9   1    0             @const710
0    131  14    3   1776  5.4  do_action
0     13   1    0             @goto57955
0     27   3    4    275  3.8  go_to_idle
 Inline         2    187  4.9  password_match
0      5   1    0     18  1.0  update_inactivity_timer
0     30   3    0     54  1.8  check_typing_timeout
0     54   6    0    149  3.9  check_unlocked_timeout
 Inline         1    209  3.2  go_to_unlocked
0    203  22    3    852  7.2  process_key_in_typing
0     49   5    1    170  3.1  process_key_in_unlocked
0    104  11    1   1249  3.4  scan_matrix
0     18   2    1    108  1.7  ext_isr
0    189  21    5   1451  9.8  MAIN
 Inline         0             @cinit1

Program metrics:
    Functions               12
    Statements              239
    Comments                153
    Volume (V)              9659
    Difficulty (D)          50.8
    Effort to implement (E) 490425
    Time to implement (T)   7 hours, 34 minutes
    Est Delivered Bugs (B)  2
    Cyclomatic Complexity   53
    Maintainability (MI)    53

 Segment     Used  Free
-----------  ----  ----
00000-00003     4  0  
00004-0002E    43  0  
0002F-007FF   867  1134  
00800-00FFF     0  2048  
01000-017FF     0  2048  
01800-01FFF     0  2048  



